Determining if the pthread_create exist failed with the following output:
Change Dir: /home/driven/driven/Driven_autonomous_driving/ros_package/driven_ros/src/driven/src/perception/build/CMakeFiles/CMakeTmp

Run Build Command:"/usr/bin/make" "cmTC_3556b/fast"
/usr/bin/make -f CMakeFiles/cmTC_3556b.dir/build.make CMakeFiles/cmTC_3556b.dir/build
make[1]: 디렉터리 '/home/driven/driven/Driven_autonomous_driving/ros_package/driven_ros/src/driven/src/perception/build/CMakeFiles/CMakeTmp' 들어감
Building C object CMakeFiles/cmTC_3556b.dir/CheckSymbolExists.c.o
/usr/bin/cc    -o CMakeFiles/cmTC_3556b.dir/CheckSymbolExists.c.o   -c /home/driven/driven/Driven_autonomous_driving/ros_package/driven_ros/src/driven/src/perception/build/CMakeFiles/CMakeTmp/CheckSymbolExists.c
Linking C executable cmTC_3556b
/usr/bin/cmake -E cmake_link_script CMakeFiles/cmTC_3556b.dir/link.txt --verbose=1
/usr/bin/cc      -rdynamic CMakeFiles/cmTC_3556b.dir/CheckSymbolExists.c.o  -o cmTC_3556b 
CMakeFiles/cmTC_3556b.dir/CheckSymbolExists.c.o: In function `main':
CheckSymbolExists.c:(.text+0x14): undefined reference to `pthread_create'
CheckSymbolExists.c:(.text+0x18): undefined reference to `pthread_create'
collect2: error: ld returned 1 exit status
CMakeFiles/cmTC_3556b.dir/build.make:97: recipe for target 'cmTC_3556b' failed
make[1]: *** [cmTC_3556b] Error 1
make[1]: 디렉터리 '/home/driven/driven/Driven_autonomous_driving/ros_package/driven_ros/src/driven/src/perception/build/CMakeFiles/CMakeTmp' 나감
Makefile:126: recipe for target 'cmTC_3556b/fast' failed
make: *** [cmTC_3556b/fast] Error 2

File /home/driven/driven/Driven_autonomous_driving/ros_package/driven_ros/src/driven/src/perception/build/CMakeFiles/CMakeTmp/CheckSymbolExists.c:
/* */
#include <pthread.h>

int main(int argc, char** argv)
{
  (void)argv;
#ifndef pthread_create
  return ((int*)(&pthread_create))[argc];
#else
  (void)argc;
  return 0;
#endif
}

Determining if the function pthread_create exists in the pthreads failed with the following output:
Change Dir: /home/driven/driven/Driven_autonomous_driving/ros_package/driven_ros/src/driven/src/perception/build/CMakeFiles/CMakeTmp

Run Build Command:"/usr/bin/make" "cmTC_59b7a/fast"
/usr/bin/make -f CMakeFiles/cmTC_59b7a.dir/build.make CMakeFiles/cmTC_59b7a.dir/build
make[1]: 디렉터리 '/home/driven/driven/Driven_autonomous_driving/ros_package/driven_ros/src/driven/src/perception/build/CMakeFiles/CMakeTmp' 들어감
Building C object CMakeFiles/cmTC_59b7a.dir/CheckFunctionExists.c.o
/usr/bin/cc   -DCHECK_FUNCTION_EXISTS=pthread_create   -o CMakeFiles/cmTC_59b7a.dir/CheckFunctionExists.c.o   -c /usr/share/cmake-3.10/Modules/CheckFunctionExists.c
Linking C executable cmTC_59b7a
/usr/bin/cmake -E cmake_link_script CMakeFiles/cmTC_59b7a.dir/link.txt --verbose=1
/usr/bin/cc  -DCHECK_FUNCTION_EXISTS=pthread_create    -rdynamic CMakeFiles/cmTC_59b7a.dir/CheckFunctionExists.c.o  -o cmTC_59b7a -lpthreads 
/usr/bin/ld: cannot find -lpthreads
collect2: error: ld returned 1 exit status
CMakeFiles/cmTC_59b7a.dir/build.make:97: recipe for target 'cmTC_59b7a' failed
make[1]: *** [cmTC_59b7a] Error 1
make[1]: 디렉터리 '/home/driven/driven/Driven_autonomous_driving/ros_package/driven_ros/src/driven/src/perception/build/CMakeFiles/CMakeTmp' 나감
Makefile:126: recipe for target 'cmTC_59b7a/fast' failed
make: *** [cmTC_59b7a/fast] Error 2


